2016-12-02|23:16:34Hibernate Commons Annotations 3.2.0.Final
2016-12-02|23:16:34Hibernate 3.6.5.Final
2016-12-02|23:16:34hibernate.properties not found
2016-12-02|23:16:34Bytecode provider name : javassist
2016-12-02|23:16:34using JDK 1.4 java.sql.Timestamp handling
2016-12-02|23:16:34configuring from resource: /hibernate.cfg.xml
2016-12-02|23:16:34Configuration resource: /hibernate.cfg.xml
2016-12-02|23:16:34recognized obsolete hibernate namespace http://hibernate.sourceforge.net/. Use namespace http://www.hibernate.org/dtd/ instead. Refer to Hibernate 3.6 Migration Guide!
2016-12-02|23:16:34Configured SessionFactory: null
2016-12-02|23:16:34Binding entity from annotated class: com.yim.pix.auth.world.entity.User
2016-12-02|23:16:34Bind entity com.yim.pix.auth.world.entity.User on table user
2016-12-02|23:16:34Hibernate Validator not found: ignoring
2016-12-02|23:16:34Unable to find org.hibernate.search.event.FullTextIndexEventListener on the classpath. Hibernate Search is not enabled.
2016-12-02|23:16:34Initializing connection provider: org.hibernate.connection.C3P0ConnectionProvider
2016-12-02|23:16:34C3P0 using driver: com.mysql.jdbc.Driver at URL: jdbc:mysql://127.0.0.1:3306/pix_auth
2016-12-02|23:16:34Connection properties: {useUnicode=true, user=root, password=****, characterEncoding=UTF-8}
2016-12-02|23:16:34autocommit mode: false
2016-12-02|23:16:34Both hibernate-style property 'hibernate.c3p0.max_size' and c3p0-style property 'c3p0.max_size' have been set in hibernate.properties. Hibernate-style property 'hibernate.c3p0.max_size' will be used and c3p0-style property 'c3p0.max_size' will be ignored!
2016-12-02|23:16:34Both hibernate-style property 'hibernate.c3p0.time_out' and c3p0-style property 'c3p0.time_out' have been set in hibernate.properties. Hibernate-style property 'hibernate.c3p0.time_out' will be used and c3p0-style property 'c3p0.time_out' will be ignored!
2016-12-02|23:16:34Both hibernate-style property 'hibernate.c3p0.min_size' and c3p0-style property 'c3p0.min_size' have been set in hibernate.properties. Hibernate-style property 'hibernate.c3p0.min_size' will be used and c3p0-style property 'c3p0.min_size' will be ignored!
2016-12-02|23:16:34Both hibernate-style property 'hibernate.c3p0.validate' and c3p0-style property 'c3p0.validate' have been set in hibernate.properties. Hibernate-style property 'hibernate.c3p0.validate' will be used and c3p0-style property 'c3p0.validate' will be ignored!
2016-12-02|23:16:34Both hibernate-style property 'hibernate.c3p0.max_statement' and c3p0-style property 'c3p0.max_statement' have been set in hibernate.properties. Hibernate-style property 'hibernate.c3p0.max_statement' will be used and c3p0-style property 'c3p0.max_statement' will be ignored!
2016-12-02|23:16:34Both hibernate-style property 'hibernate.c3p0.idle_test_period' and c3p0-style property 'c3p0.idle_test_period' have been set in hibernate.properties. Hibernate-style property 'hibernate.c3p0.idle_test_period' will be used and c3p0-style property 'c3p0.idle_test_period' will be ignored!
2016-12-02|23:16:34Both hibernate-style property 'hibernate.c3p0.acquire_increment' and c3p0-style property 'c3p0.acquire_increment' have been set in hibernate.properties. Hibernate-style property 'hibernate.c3p0.acquire_increment' will be used and c3p0-style property 'c3p0.acquire_increment' will be ignored!
2016-12-02|23:16:34MLog clients using log4j logging.
2016-12-02|23:16:34Initializing c3p0-0.9.1 [built 16-January-2007 14:46:42; debug? true; trace: 10]
2016-12-02|23:16:34Initializing c3p0 pool... com.mchange.v2.c3p0.PoolBackedDataSource@862e83c1 [ connectionPoolDataSource -> com.mchange.v2.c3p0.WrapperConnectionPoolDataSource@3ca3a37b [ acquireIncrement -> 1, acquireRetryAttempts -> 30, acquireRetryDelay -> 1000, autoCommitOnClose -> false, automaticTestTable -> null, breakAfterAcquireFailure -> false, checkoutTimeout -> 0, connectionCustomizerClassName -> null, connectionTesterClassName -> com.mchange.v2.c3p0.impl.DefaultConnectionTester, debugUnreturnedConnectionStackTraces -> false, factoryClassLocation -> null, forceIgnoreUnresolvedTransactions -> false, identityToken -> 1hge15c9k1hax1cnse0kcl|5443d039, idleConnectionTestPeriod -> 120, initialPoolSize -> 5, maxAdministrativeTaskTime -> 0, maxConnectionAge -> 0, maxIdleTime -> 0, maxIdleTimeExcessConnections -> 0, maxPoolSize -> 30, maxStatements -> 0, maxStatementsPerConnection -> 0, minPoolSize -> 5, nestedDataSource -> com.mchange.v2.c3p0.DriverManagerDataSource@2044708c [ description -> null, driverClass -> null, factoryClassLocation -> null, identityToken -> 1hge15c9k1hax1cnse0kcl|3d3e5463, jdbcUrl -> jdbc:mysql://127.0.0.1:3306/pix_auth, properties -> {useUnicode=true, user=******, password=******, characterEncoding=UTF-8} ], preferredTestQuery -> null, propertyCycle -> 0, testConnectionOnCheckin -> false, testConnectionOnCheckout -> false, unreturnedConnectionTimeout -> 0, usesTraditionalReflectiveProxies -> false; userOverrides: {} ], dataSourceName -> null, factoryClassLocation -> null, identityToken -> 1hge15c9k1hax1cnse0kcl|1f3f02ee, numHelperThreads -> 3 ]
2016-12-02|23:16:35Using dialect: org.hibernate.dialect.MySQLDialect
2016-12-02|23:16:35Disabling contextual LOB creation as JDBC driver reported JDBC version [3] less than 4
2016-12-02|23:16:35Database ->
       name : MySQL
    version : 5.6.24
      major : 5
      minor : 6
2016-12-02|23:16:35Driver ->
       name : MySQL-AB JDBC Driver
    version : mysql-connector-java-5.1.13 ( Revision: ${bzr.revision-id} )
      major : 5
      minor : 1
2016-12-02|23:16:35Using default transaction strategy (direct JDBC transactions)
2016-12-02|23:16:35No TransactionManagerLookup configured (in JTA environment, use of read-write or transactional second-level cache is not recommended)
2016-12-02|23:16:35Automatic flush during beforeCompletion(): disabled
2016-12-02|23:16:35Automatic session close at end of transaction: disabled
2016-12-02|23:16:35JDBC batch size: 15
2016-12-02|23:16:35JDBC batch updates for versioned data: disabled
2016-12-02|23:16:35Scrollable result sets: enabled
2016-12-02|23:16:35JDBC3 getGeneratedKeys(): enabled
2016-12-02|23:16:35Connection release mode: auto
2016-12-02|23:16:35Maximum outer join fetch depth: 2
2016-12-02|23:16:35Default batch fetch size: 1
2016-12-02|23:16:35Generate SQL with comments: disabled
2016-12-02|23:16:35Order SQL updates by primary key: disabled
2016-12-02|23:16:35Order SQL inserts for batching: disabled
2016-12-02|23:16:35Query translator: org.hibernate.hql.ast.ASTQueryTranslatorFactory
2016-12-02|23:16:35Using ASTQueryTranslatorFactory
2016-12-02|23:16:35Query language substitutions: {}
2016-12-02|23:16:35JPA-QL strict compliance: disabled
2016-12-02|23:16:35Second-level cache: enabled
2016-12-02|23:16:35Query cache: disabled
2016-12-02|23:16:35Cache region factory : org.hibernate.cache.impl.NoCachingRegionFactory
2016-12-02|23:16:35Optimize cache for minimal puts: disabled
2016-12-02|23:16:35Structured second-level cache entries: disabled
2016-12-02|23:16:35Echoing all SQL to stdout
2016-12-02|23:16:35Statistics: disabled
2016-12-02|23:16:35Deleted entity synthetic identifier rollback: disabled
2016-12-02|23:16:35Default entity-mode: pojo
2016-12-02|23:16:35Named query checking : enabled
2016-12-02|23:16:35Check Nullability in Core (should be disabled when Bean Validation is on): enabled
2016-12-02|23:16:35building session factory
2016-12-02|23:16:35Type registration [blob] overrides previous : org.hibernate.type.BlobType@2f7c2f4f
2016-12-02|23:16:35Type registration [java.sql.Blob] overrides previous : org.hibernate.type.BlobType@2f7c2f4f
2016-12-02|23:16:35Type registration [wrapper_materialized_blob] overrides previous : org.hibernate.type.WrappedMaterializedBlobType@5223e5ee
2016-12-02|23:16:35Type registration [wrapper_characters_clob] overrides previous : org.hibernate.type.CharacterArrayClobType@4b0b0854
2016-12-02|23:16:35Type registration [materialized_blob] overrides previous : org.hibernate.type.MaterializedBlobType@1c93084c
2016-12-02|23:16:35Type registration [clob] overrides previous : org.hibernate.type.ClobType@1622f1b
2016-12-02|23:16:35Type registration [java.sql.Clob] overrides previous : org.hibernate.type.ClobType@1622f1b
2016-12-02|23:16:35Type registration [materialized_clob] overrides previous : org.hibernate.type.MaterializedClobType@29626d54
2016-12-02|23:16:35Type registration [characters_clob] overrides previous : org.hibernate.type.PrimitiveCharacterArrayClobType@67a20f67
2016-12-02|23:16:35Not binding factory to JNDI, no JNDI name configured
2016-12-02|23:16:35Running hbm2ddl schema update
2016-12-02|23:16:35fetching database metadata
2016-12-02|23:16:35updating schema
2016-12-02|23:16:35table found: pix_auth.user
2016-12-02|23:16:35columns: [password, accountname, id]
2016-12-02|23:16:35foreign keys: []
2016-12-02|23:16:35indexes: [primary]
2016-12-02|23:16:35schema update complete
2016-12-02|23:16:36AUTH SERVER START OK
2016-12-02|23:17:39远程主机强迫关闭了一个现有的连接。
2016-12-02|23:26:31远程主机强迫关闭了一个现有的连接。
